# JRE version: Java(TM) SE Runtime Environment (17.0.12+8) (build 17.0.12+8-LTS-286)
# Java VM: Java HotSpot(TM) 64-Bit Server VM (17.0.12+8-LTS-286, mixed mode, sharing, tiered, compressed oops, compressed class ptrs, g1 gc, windows-amd64)
GC Precious Log:
 CPUs: 8 total, 8 available
 Memory: 7939M
 Large Page Support: Disabled
 NUMA Support: Disabled
 Compressed Oops: Enabled (32-bit)
 Heap Region Size: 1M
 Heap Min Capacity: 8M
 Heap Initial Capacity: 126M
 Heap Max Capacity: 1986M
 Pre-touch: Disabled
 Parallel Workers: 8
 Concurrent Workers: 2
 Concurrent Refinement Workers: 8
 Periodic GC: Disabled
Heap:
 garbage-first heap   total 117760K, used 61530K [0x0000000083e00000, 0x0000000100000000)
  region size 1024K, 3 young (3072K), 3 survivors (3072K)
 Metaspace       used 54190K, committed 54528K, reserved 1114112K
  class space    used 6318K, committed 6464K, reserved 1048576K
GC Heap History (20 events):
Event: 4.170 GC heap before
{Heap before GC invocations=1 (full 0):
 garbage-first heap   total 129024K, used 39219K [0x0000000083e00000, 0x0000000100000000)
  region size 1024K, 35 young (35840K), 3 survivors (3072K)
 Metaspace       used 15010K, committed 15296K, reserved 1114112K
  class space    used 1633K, committed 1792K, reserved 1048576K
}
Event: 4.184 GC heap after
{Heap after GC invocations=2 (full 0):
 garbage-first heap   total 129024K, used 11613K [0x0000000083e00000, 0x0000000100000000)
  region size 1024K, 5 young (5120K), 5 survivors (5120K)
 Metaspace       used 15010K, committed 15296K, reserved 1114112K
  class space    used 1633K, committed 1792K, reserved 1048576K
}
Event: 7.279 GC heap before
{Heap before GC invocations=2 (full 0):
 garbage-first heap   total 129024K, used 68957K [0x0000000083e00000, 0x0000000100000000)
  region size 1024K, 62 young (63488K), 5 survivors (5120K)
 Metaspace       used 21252K, committed 21504K, reserved 1114112K
  class space    used 2618K, committed 2752K, reserved 1048576K
}
Event: 7.320 GC heap after
{Heap after GC invocations=3 (full 0):
 garbage-first heap   total 129024K, used 26240K [0x0000000083e00000, 0x0000000100000000)
  region size 1024K, 10 young (10240K), 10 survivors (10240K)
 Metaspace       used 21252K, committed 21504K, reserved 1114112K
  class space    used 2618K, committed 2752K, reserved 1048576K
}
Event: 7.782 GC heap before
{Heap before GC invocations=4 (full 0):
 garbage-first heap   total 92160K, used 28288K [0x0000000083e00000, 0x0000000100000000)
  region size 1024K, 12 young (12288K), 10 survivors (10240K)
 Metaspace       used 21762K, committed 22016K, reserved 1114112K
  class space    used 2878K, committed 3008K, reserved 1048576K
}
Event: 7.810 GC heap after
{Heap after GC invocations=5 (full 0):
 garbage-first heap   total 92160K, used 27776K [0x0000000083e00000, 0x0000000100000000)
  region size 1024K, 1 young (1024K), 1 survivors (1024K)
 Metaspace       used 21762K, committed 22016K, reserved 1114112K
  class space    used 2878K, committed 3008K, reserved 1048576K
}
Event: 10.392 GC heap before
{Heap before GC invocations=5 (full 0):
 garbage-first heap   total 92160K, used 63616K [0x0000000083e00000, 0x0000000100000000)
  region size 1024K, 37 young (37888K), 1 survivors (1024K)
 Metaspace       used 28972K, committed 29312K, reserved 1114112K
  class space    used 3580K, committed 3712K, reserved 1048576K
}
Event: 10.410 GC heap after
{Heap after GC invocations=6 (full 0):
 garbage-first heap   total 92160K, used 30717K [0x0000000083e00000, 0x0000000100000000)
  region size 1024K, 4 young (4096K), 4 survivors (4096K)
 Metaspace       used 28972K, committed 29312K, reserved 1114112K
  class space    used 3580K, committed 3712K, reserved 1048576K
}
Event: 12.389 GC heap before
{Heap before GC invocations=6 (full 0):
 garbage-first heap   total 92160K, used 60413K [0x0000000083e00000, 0x0000000100000000)
  region size 1024K, 34 young (34816K), 4 survivors (4096K)
 Metaspace       used 35895K, committed 36096K, reserved 1114112K
  class space    used 4309K, committed 4416K, reserved 1048576K
}
Event: 12.406 GC heap after
{Heap after GC invocations=7 (full 0):
 garbage-first heap   total 92160K, used 33194K [0x0000000083e00000, 0x0000000100000000)
  region size 1024K, 3 young (3072K), 3 survivors (3072K)
 Metaspace       used 35895K, committed 36096K, reserved 1114112K
  class space    used 4309K, committed 4416K, reserved 1048576K
}
Event: 14.075 GC heap before
{Heap before GC invocations=8 (full 0):
 garbage-first heap   total 92160K, used 69034K [0x0000000083e00000, 0x0000000100000000)
  region size 1024K, 37 young (37888K), 3 survivors (3072K)
 Metaspace       used 39814K, committed 40128K, reserved 1114112K
  class space    used 4842K, committed 4992K, reserved 1048576K
}
Event: 14.105 GC heap after
{Heap after GC invocations=9 (full 0):
 garbage-first heap   total 92160K, used 42959K [0x0000000083e00000, 0x0000000100000000)
  region size 1024K, 5 young (5120K), 5 survivors (5120K)
 Metaspace       used 39814K, committed 40128K, reserved 1114112K
  class space    used 4842K, committed 4992K, reserved 1048576K
}
Event: 16.932 GC heap before
{Heap before GC invocations=9 (full 0):
 garbage-first heap   total 92160K, used 66511K [0x0000000083e00000, 0x0000000100000000)
  region size 1024K, 29 young (29696K), 5 survivors (5120K)
 Metaspace       used 43483K, committed 43776K, reserved 1114112K
  class space    used 5231K, committed 5376K, reserved 1048576K
}
Event: 16.969 GC heap after
{Heap after GC invocations=10 (full 0):
 garbage-first heap   total 92160K, used 47521K [0x0000000083e00000, 0x0000000100000000)
  region size 1024K, 4 young (4096K), 4 survivors (4096K)
 Metaspace       used 43483K, committed 43776K, reserved 1114112K
  class space    used 5231K, committed 5376K, reserved 1048576K
}
Event: 18.594 GC heap before
{Heap before GC invocations=10 (full 0):
 garbage-first heap   total 92160K, used 70049K [0x0000000083e00000, 0x0000000100000000)
  region size 1024K, 26 young (26624K), 4 survivors (4096K)
 Metaspace       used 45273K, committed 45568K, reserved 1114112K
  class space    used 5438K, committed 5568K, reserved 1048576K
}
Event: 18.628 GC heap after
{Heap after GC invocations=11 (full 0):
 garbage-first heap   total 92160K, used 52338K [0x0000000083e00000, 0x0000000100000000)
  region size 1024K, 4 young (4096K), 4 survivors (4096K)
 Metaspace       used 45273K, committed 45568K, reserved 1114112K
  class space    used 5438K, committed 5568K, reserved 1048576K
}
Event: 21.107 GC heap before
{Heap before GC invocations=12 (full 0):
 garbage-first heap   total 94208K, used 69746K [0x0000000083e00000, 0x0000000100000000)
  region size 1024K, 22 young (22528K), 4 survivors (4096K)
 Metaspace       used 46296K, committed 46656K, reserved 1114112K
  class space    used 5558K, committed 5696K, reserved 1048576K
}
Event: 21.138 GC heap after
{Heap after GC invocations=13 (full 0):
 garbage-first heap   total 94208K, used 55804K [0x0000000083e00000, 0x0000000100000000)
  region size 1024K, 3 young (3072K), 3 survivors (3072K)
 Metaspace       used 46296K, committed 46656K, reserved 1114112K
  class space    used 5558K, committed 5696K, reserved 1048576K
}
Event: 22.113 GC heap before
{Heap before GC invocations=13 (full 0):
 garbage-first heap   total 94208K, used 73212K [0x0000000083e00000, 0x0000000100000000)
  region size 1024K, 20 young (20480K), 3 survivors (3072K)
 Metaspace       used 48499K, committed 48768K, reserved 1114112K
  class space    used 5763K, committed 5888K, reserved 1048576K
}
Event: 22.139 GC heap after
{Heap after GC invocations=14 (full 0):
 garbage-first heap   total 117760K, used 58931K [0x0000000083e00000, 0x0000000100000000)
  region size 1024K, 3 young (3072K), 3 survivors (3072K)
 Metaspace       used 48499K, committed 48768K, reserved 1114112K
  class space    used 5763K, committed 5888K, reserved 1048576K
}

