# JRE version: Java(TM) SE Runtime Environment (17.0.12+8) (build 17.0.12+8-LTS-286)
# Java VM: Java HotSpot(TM) 64-Bit Server VM (17.0.12+8-LTS-286, mixed mode, sharing, tiered, compressed oops, compressed class ptrs, g1 gc, windows-amd64)
GC Precious Log:
 CPUs: 8 total, 8 available
 Memory: 7939M
 Large Page Support: Disabled
 NUMA Support: Disabled
 Compressed Oops: Enabled (32-bit)
 Heap Region Size: 1M
 Heap Min Capacity: 8M
 Heap Initial Capacity: 126M
 Heap Max Capacity: 2G
 Pre-touch: Disabled
 Parallel Workers: 8
 Concurrent Workers: 2
 Concurrent Refinement Workers: 8
 Periodic GC: Disabled
Heap:
 garbage-first heap   total 343040K, used 203116K [0x0000000080000000, 0x0000000100000000)
  region size 1024K, 11 young (11264K), 11 survivors (11264K)
 Metaspace       used 119961K, committed 121600K, reserved 557056K
  class space    used 16640K, committed 17408K, reserved 425984K
GC Heap History (20 events):
Event: 2365.255 GC heap after
{Heap after GC invocations=73 (full 0):
 garbage-first heap   total 343040K, used 145253K [0x0000000080000000, 0x0000000100000000)
  region size 1024K, 15 young (15360K), 15 survivors (15360K)
 Metaspace       used 115447K, committed 116992K, reserved 557056K
  class space    used 16040K, committed 16768K, reserved 425984K
}
Event: 2370.240 GC heap before
{Heap before GC invocations=74 (full 0):
 garbage-first heap   total 343040K, used 273253K [0x0000000080000000, 0x0000000100000000)
  region size 1024K, 140 young (143360K), 15 survivors (15360K)
 Metaspace       used 115849K, committed 117376K, reserved 557056K
  class space    used 16102K, committed 16832K, reserved 425984K
}
Event: 2371.875 GC heap after
{Heap after GC invocations=75 (full 0):
 garbage-first heap   total 343040K, used 153704K [0x0000000080000000, 0x0000000100000000)
  region size 1024K, 10 young (10240K), 10 survivors (10240K)
 Metaspace       used 115849K, committed 117376K, reserved 557056K
  class space    used 16102K, committed 16832K, reserved 425984K
}
Event: 2372.677 GC heap before
{Heap before GC invocations=75 (full 0):
 garbage-first heap   total 343040K, used 160872K [0x0000000080000000, 0x0000000100000000)
  region size 1024K, 16 young (16384K), 10 survivors (10240K)
 Metaspace       used 115975K, committed 117504K, reserved 557056K
  class space    used 16122K, committed 16832K, reserved 425984K
}
Event: 2372.711 GC heap after
{Heap after GC invocations=76 (full 0):
 garbage-first heap   total 343040K, used 155873K [0x0000000080000000, 0x0000000100000000)
  region size 1024K, 2 young (2048K), 2 survivors (2048K)
 Metaspace       used 115975K, committed 117504K, reserved 557056K
  class space    used 16122K, committed 16832K, reserved 425984K
}
Event: 2373.219 GC heap before
{Heap before GC invocations=76 (full 0):
 garbage-first heap   total 343040K, used 172257K [0x0000000080000000, 0x0000000100000000)
  region size 1024K, 16 young (16384K), 2 survivors (2048K)
 Metaspace       used 116286K, committed 117824K, reserved 557056K
  class space    used 16161K, committed 16896K, reserved 425984K
}
Event: 2373.225 GC heap after
{Heap after GC invocations=77 (full 0):
 garbage-first heap   total 343040K, used 158966K [0x0000000080000000, 0x0000000100000000)
  region size 1024K, 2 young (2048K), 2 survivors (2048K)
 Metaspace       used 116286K, committed 117824K, reserved 557056K
  class space    used 16161K, committed 16896K, reserved 425984K
}
Event: 2374.742 GC heap before
{Heap before GC invocations=77 (full 0):
 garbage-first heap   total 343040K, used 188662K [0x0000000080000000, 0x0000000100000000)
  region size 1024K, 31 young (31744K), 2 survivors (2048K)
 Metaspace       used 117493K, committed 118976K, reserved 557056K
  class space    used 16371K, committed 17088K, reserved 425984K
}
Event: 2374.766 GC heap after
{Heap after GC invocations=78 (full 0):
 garbage-first heap   total 343040K, used 164048K [0x0000000080000000, 0x0000000100000000)
  region size 1024K, 4 young (4096K), 4 survivors (4096K)
 Metaspace       used 117493K, committed 118976K, reserved 557056K
  class space    used 16371K, committed 17088K, reserved 425984K
}
Event: 2376.001 GC heap before
{Heap before GC invocations=78 (full 0):
 garbage-first heap   total 343040K, used 190672K [0x0000000080000000, 0x0000000100000000)
  region size 1024K, 31 young (31744K), 4 survivors (4096K)
 Metaspace       used 118966K, committed 120512K, reserved 557056K
  class space    used 16517K, committed 17216K, reserved 425984K
}
Event: 2376.014 GC heap after
{Heap after GC invocations=79 (full 0):
 garbage-first heap   total 343040K, used 170135K [0x0000000080000000, 0x0000000100000000)
  region size 1024K, 4 young (4096K), 4 survivors (4096K)
 Metaspace       used 118966K, committed 120512K, reserved 557056K
  class space    used 16517K, committed 17216K, reserved 425984K
}
Event: 2376.663 GC heap before
{Heap before GC invocations=79 (full 0):
 garbage-first heap   total 343040K, used 201879K [0x0000000080000000, 0x0000000100000000)
  region size 1024K, 36 young (36864K), 4 survivors (4096K)
 Metaspace       used 118968K, committed 120512K, reserved 557056K
  class space    used 16517K, committed 17216K, reserved 425984K
}
Event: 2376.671 GC heap after
{Heap after GC invocations=80 (full 0):
 garbage-first heap   total 343040K, used 173751K [0x0000000080000000, 0x0000000100000000)
  region size 1024K, 4 young (4096K), 4 survivors (4096K)
 Metaspace       used 118968K, committed 120512K, reserved 557056K
  class space    used 16517K, committed 17216K, reserved 425984K
}
Event: 2378.912 GC heap before
{Heap before GC invocations=80 (full 0):
 garbage-first heap   total 343040K, used 225975K [0x0000000080000000, 0x0000000100000000)
  region size 1024K, 55 young (56320K), 4 survivors (4096K)
 Metaspace       used 119286K, committed 120896K, reserved 557056K
  class space    used 16562K, committed 17280K, reserved 425984K
}
Event: 2378.923 GC heap after
{Heap after GC invocations=81 (full 0):
 garbage-first heap   total 343040K, used 178664K [0x0000000080000000, 0x0000000100000000)
  region size 1024K, 7 young (7168K), 7 survivors (7168K)
 Metaspace       used 119286K, committed 120896K, reserved 557056K
  class space    used 16562K, committed 17280K, reserved 425984K
}
Event: 2381.699 GC heap before
{Heap before GC invocations=81 (full 0):
 garbage-first heap   total 343040K, used 240104K [0x0000000080000000, 0x0000000100000000)
  region size 1024K, 68 young (69632K), 7 survivors (7168K)
 Metaspace       used 119764K, committed 121408K, reserved 557056K
  class space    used 16619K, committed 17408K, reserved 425984K
}
Event: 2381.726 GC heap after
{Heap after GC invocations=82 (full 0):
 garbage-first heap   total 343040K, used 188279K [0x0000000080000000, 0x0000000100000000)
  region size 1024K, 9 young (9216K), 9 survivors (9216K)
 Metaspace       used 119764K, committed 121408K, reserved 557056K
  class space    used 16619K, committed 17408K, reserved 425984K
}
Event: 2383.318 GC heap before
{Heap before GC invocations=82 (full 0):
 garbage-first heap   total 343040K, used 262007K [0x0000000080000000, 0x0000000100000000)
  region size 1024K, 82 young (83968K), 9 survivors (9216K)
 Metaspace       used 119765K, committed 121408K, reserved 557056K
  class space    used 16619K, committed 17408K, reserved 425984K
}
Event: 2383.340 GC heap after
{Heap after GC invocations=83 (full 0):
 garbage-first heap   total 343040K, used 192792K [0x0000000080000000, 0x0000000100000000)
  region size 1024K, 6 young (6144K), 6 survivors (6144K)
 Metaspace       used 119765K, committed 121408K, reserved 557056K
  class space    used 16619K, committed 17408K, reserved 425984K
}
Event: 2386.234 GC heap before
{Heap before GC invocations=83 (full 0):
 garbage-first heap   total 343040K, used 275736K [0x0000000080000000, 0x0000000100000000)
  region size 1024K, 85 young (87040K), 6 survivors (6144K)
 Metaspace       used 119961K, committed 121600K, reserved 557056K
  class space    used 16640K, committed 17408K, reserved 425984K
}

