# JRE version: Java(TM) SE Runtime Environment (17.0.12+8) (build 17.0.12+8-LTS-286)
# Java VM: Java HotSpot(TM) 64-Bit Server VM (17.0.12+8-LTS-286, mixed mode, sharing, tiered, compressed oops, compressed class ptrs, g1 gc, windows-amd64)
GC Precious Log:
 CPUs: 8 total, 8 available
 Memory: 7939M
 Large Page Support: Disabled
 NUMA Support: Disabled
 Compressed Oops: Enabled (32-bit)
 Heap Region Size: 1M
 Heap Min Capacity: 8M
 Heap Initial Capacity: 126M
 Heap Max Capacity: 2G
 Pre-touch: Disabled
 Parallel Workers: 8
 Concurrent Workers: 2
 Concurrent Refinement Workers: 8
 Periodic GC: Disabled
Heap:
 garbage-first heap   total 106496K, used 63722K [0x0000000080000000, 0x0000000100000000)
  region size 1024K, 4 young (4096K), 4 survivors (4096K)
 Metaspace       used 65077K, committed 65920K, reserved 491520K
  class space    used 9347K, committed 9728K, reserved 425984K
GC Heap History (20 events):
Event: 23.916 GC heap after
{Heap after GC invocations=20 (full 0):
 garbage-first heap   total 89088K, used 55717K [0x0000000080000000, 0x0000000100000000)
  region size 1024K, 3 young (3072K), 3 survivors (3072K)
 Metaspace       used 53266K, committed 54016K, reserved 491520K
  class space    used 7631K, committed 7936K, reserved 425984K
}
Event: 24.304 GC heap before
{Heap before GC invocations=20 (full 0):
 garbage-first heap   total 89088K, used 72101K [0x0000000080000000, 0x0000000100000000)
  region size 1024K, 19 young (19456K), 3 survivors (3072K)
 Metaspace       used 55266K, committed 56000K, reserved 491520K
  class space    used 7892K, committed 8192K, reserved 425984K
}
Event: 24.308 GC heap after
{Heap after GC invocations=21 (full 0):
 garbage-first heap   total 89088K, used 57129K [0x0000000080000000, 0x0000000100000000)
  region size 1024K, 2 young (2048K), 2 survivors (2048K)
 Metaspace       used 55266K, committed 56000K, reserved 491520K
  class space    used 7892K, committed 8192K, reserved 425984K
}
Event: 24.637 GC heap before
{Heap before GC invocations=22 (full 0):
 garbage-first heap   total 102400K, used 71465K [0x0000000080000000, 0x0000000100000000)
  region size 1024K, 16 young (16384K), 2 survivors (2048K)
 Metaspace       used 56102K, committed 56896K, reserved 491520K
  class space    used 8036K, committed 8384K, reserved 425984K
}
Event: 24.640 GC heap after
{Heap after GC invocations=23 (full 0):
 garbage-first heap   total 102400K, used 57419K [0x0000000080000000, 0x0000000100000000)
  region size 1024K, 2 young (2048K), 2 survivors (2048K)
 Metaspace       used 56102K, committed 56896K, reserved 491520K
  class space    used 8036K, committed 8384K, reserved 425984K
}
Event: 24.705 GC heap before
{Heap before GC invocations=23 (full 0):
 garbage-first heap   total 102400K, used 60491K [0x0000000080000000, 0x0000000100000000)
  region size 1024K, 5 young (5120K), 2 survivors (2048K)
 Metaspace       used 56310K, committed 57088K, reserved 491520K
  class space    used 8057K, committed 8384K, reserved 425984K
}
Event: 24.707 GC heap after
{Heap after GC invocations=24 (full 0):
 garbage-first heap   total 102400K, used 56695K [0x0000000080000000, 0x0000000100000000)
  region size 1024K, 1 young (1024K), 1 survivors (1024K)
 Metaspace       used 56310K, committed 57088K, reserved 491520K
  class space    used 8057K, committed 8384K, reserved 425984K
}
Event: 25.175 GC heap before
{Heap before GC invocations=24 (full 0):
 garbage-first heap   total 102400K, used 82295K [0x0000000080000000, 0x0000000100000000)
  region size 1024K, 26 young (26624K), 1 survivors (1024K)
 Metaspace       used 57917K, committed 58688K, reserved 491520K
  class space    used 8262K, committed 8576K, reserved 425984K
}
Event: 25.177 GC heap after
{Heap after GC invocations=25 (full 0):
 garbage-first heap   total 102400K, used 57944K [0x0000000080000000, 0x0000000100000000)
  region size 1024K, 2 young (2048K), 2 survivors (2048K)
 Metaspace       used 57917K, committed 58688K, reserved 491520K
  class space    used 8262K, committed 8576K, reserved 425984K
}
Event: 25.818 GC heap before
{Heap before GC invocations=26 (full 0):
 garbage-first heap   total 102400K, used 83544K [0x0000000080000000, 0x0000000100000000)
  region size 1024K, 27 young (27648K), 2 survivors (2048K)
 Metaspace       used 60184K, committed 60992K, reserved 491520K
  class space    used 8670K, committed 9024K, reserved 425984K
}
Event: 25.822 GC heap after
{Heap after GC invocations=27 (full 0):
 garbage-first heap   total 102400K, used 58894K [0x0000000080000000, 0x0000000100000000)
  region size 1024K, 3 young (3072K), 3 survivors (3072K)
 Metaspace       used 60184K, committed 60992K, reserved 491520K
  class space    used 8670K, committed 9024K, reserved 425984K
}
Event: 25.862 GC heap before
{Heap before GC invocations=27 (full 0):
 garbage-first heap   total 102400K, used 60942K [0x0000000080000000, 0x0000000100000000)
  region size 1024K, 5 young (5120K), 3 survivors (3072K)
 Metaspace       used 60318K, committed 61184K, reserved 491520K
  class space    used 8684K, committed 9088K, reserved 425984K
}
Event: 25.867 GC heap after
{Heap after GC invocations=28 (full 0):
 garbage-first heap   total 102400K, used 58655K [0x0000000080000000, 0x0000000100000000)
  region size 1024K, 1 young (1024K), 1 survivors (1024K)
 Metaspace       used 60318K, committed 61184K, reserved 491520K
  class space    used 8684K, committed 9088K, reserved 425984K
}
Event: 26.480 GC heap before
{Heap before GC invocations=28 (full 0):
 garbage-first heap   total 102400K, used 84255K [0x0000000080000000, 0x0000000100000000)
  region size 1024K, 26 young (26624K), 1 survivors (1024K)
 Metaspace       used 62052K, committed 62848K, reserved 491520K
  class space    used 8904K, committed 9280K, reserved 425984K
}
Event: 26.483 GC heap after
{Heap after GC invocations=29 (full 0):
 garbage-first heap   total 102400K, used 59226K [0x0000000080000000, 0x0000000100000000)
  region size 1024K, 1 young (1024K), 1 survivors (1024K)
 Metaspace       used 62052K, committed 62848K, reserved 491520K
  class space    used 8904K, committed 9280K, reserved 425984K
}
Event: 27.079 GC heap before
{Heap before GC invocations=30 (full 0):
 garbage-first heap   total 106496K, used 84826K [0x0000000080000000, 0x0000000100000000)
  region size 1024K, 26 young (26624K), 1 survivors (1024K)
 Metaspace       used 63834K, committed 64576K, reserved 491520K
  class space    used 9163K, committed 9536K, reserved 425984K
}
Event: 27.083 GC heap after
{Heap after GC invocations=31 (full 0):
 garbage-first heap   total 106496K, used 60525K [0x0000000080000000, 0x0000000100000000)
  region size 1024K, 3 young (3072K), 3 survivors (3072K)
 Metaspace       used 63834K, committed 64576K, reserved 491520K
  class space    used 9163K, committed 9536K, reserved 425984K
}
Event: 27.128 GC heap before
{Heap before GC invocations=31 (full 0):
 garbage-first heap   total 106496K, used 61549K [0x0000000080000000, 0x0000000100000000)
  region size 1024K, 5 young (5120K), 3 survivors (3072K)
 Metaspace       used 63913K, committed 64704K, reserved 491520K
  class space    used 9173K, committed 9536K, reserved 425984K
}
Event: 27.131 GC heap after
{Heap after GC invocations=32 (full 0):
 garbage-first heap   total 106496K, used 60095K [0x0000000080000000, 0x0000000100000000)
  region size 1024K, 1 young (1024K), 1 survivors (1024K)
 Metaspace       used 63913K, committed 64704K, reserved 491520K
  class space    used 9173K, committed 9536K, reserved 425984K
}
Event: 27.904 GC heap before
{Heap before GC invocations=32 (full 0):
 garbage-first heap   total 106496K, used 87743K [0x0000000080000000, 0x0000000100000000)
  region size 1024K, 28 young (28672K), 1 survivors (1024K)
 Metaspace       used 65077K, committed 65920K, reserved 491520K
  class space    used 9347K, committed 9728K, reserved 425984K
}

